<?xml version="1.0" encoding="UTF-8"?>
<!-- Generated by org.testng.reporters.JUnitReportReporter -->
<testsuite skipped="0" hostname="suganyasmacbook.lan" name="com.testNG.testCases.FBTest" tests="2" failures="0" timestamp="09 May 2019 05:03:06 GMT" time="26.916" errors="0">
  <testcase name="login" time="11.200" classname="com.testNG.testCases.FBTest"/>
  <testcase name="loginSanthosh" time="15.716" classname="com.testNG.testCases.FBTest"/>
</testsuite> <!-- com.testNG.testCases.FBTest -->
