<?xml version="1.0" encoding="UTF-8"?>
<!-- Generated by org.testng.reporters.JUnitReportReporter -->
<testsuite skipped="0" hostname="suganyasmacbook.lan" name="com.testNG.testCases.LoginTest" tests="2" failures="0" timestamp="09 May 2019 04:09:46 GMT" time="35.891" errors="0">
  <testcase name="loginSanthosh" time="18.397" classname="com.testNG.testCases.LoginTest"/>
  <testcase name="login" time="17.494" classname="com.testNG.testCases.LoginTest"/>
</testsuite> <!-- com.testNG.testCases.LoginTest -->
