<?xml version="1.0" encoding="UTF-8"?>
<!-- Generated by org.testng.reporters.JUnitReportReporter -->
<testsuite skipped="0" hostname="suganyasmacbook.lan" name="com.testNG.testCases.TwitterTest" tests="1" failures="0" timestamp="09 May 2019 02:56:29 GMT" time="3.470" errors="0">
  <testcase name="login" time="3.470" classname="com.testNG.testCases.TwitterTest"/>
</testsuite> <!-- com.testNG.testCases.TwitterTest -->
