<?xml version="1.0" encoding="UTF-8"?>
<!-- Generated by org.testng.reporters.JUnitReportReporter -->
<testsuite skipped="0" hostname="suganyasmacbook.lan" name="com.testNG.testCases.LoginTest" tests="1" failures="0" timestamp="09 May 2019 02:59:45 GMT" time="4.082" errors="0">
  <testcase name="login" time="4.082" classname="com.testNG.testCases.LoginTest"/>
</testsuite> <!-- com.testNG.testCases.LoginTest -->
